{"time":"2025-12-03T18:18:17+07:00","event":"login_success","email":"ahmad@student.polinema.ac.id","user_id":"6","role":"mahasiswa"}
{"time":"2025-12-03T18:21:24+07:00","event":"login_success","email":"ahmad@student.polinema.ac.id","user_id":"6","role":"mahasiswa"}
{"time":"2025-12-03T18:36:52+07:00","event":"login_success","email":"ahmad@student.polinema.ac.id","user_id":"6","role":"mahasiswa"}
{"time":"2025-12-03T18:37:18+07:00","event":"login_success","email":"ketualab@ivss.polinema.ac.id","user_id":"2","role":"ketua_lab"}
{"time":"2025-12-03T18:48:45+07:00","event":"login_success","email":"ketualab@ivss.polinema.ac.id","user_id":"2","role":"ketua_lab"}
{"time":"2025-12-03T18:50:22+07:00","event":"login_success","email":"ketualab@ivss.polinema.ac.id","user_id":"2","role":"ketua_lab"}
{"time":"2025-12-03T19:13:58+07:00","event":"login_success","email":"ahmad@student.polinema.ac.id","user_id":"6","role":"mahasiswa"}
{"time":"2025-12-03T19:38:00+07:00","event":"login_success","email":"ketualab@ivss.polinema.ac.id","user_id":"2","role":"ketua_lab"}
{"time":"2025-12-03T20:07:26+07:00","event":"login_success","email":"ahmad@student.polinema.ac.id","user_id":"6","role":"mahasiswa"}
{"time":"2025-12-03T20:09:30+07:00","event":"login_success","email":"budi.dosen@polinema.ac.id","user_id":"3","role":"dosen"}
{"time":"2025-12-03T20:10:05+07:00","event":"login_success","email":"ketualab@ivss.polinema.ac.id","user_id":"2","role":"ketua_lab"}
{"time":"2025-12-04T00:05:51+07:00","event":"login_success","email":"ahmad@student.polinema.ac.id","user_id":"6","role":"mahasiswa"}
{"time":"2025-12-04T00:06:13+07:00","event":"login_success","email":"admin@ivss.polinema.ac.id","user_id":"1","role":"admin"}
{"time":"2025-12-04T00:32:58+07:00","event":"login_success","email":"ahmad@student.polinema.ac.id","user_id":"6","role":"mahasiswa"}
{"time":"2025-12-05T10:29:55+07:00","event":"login_success","email":"ketualab@ivss.polinema.ac.id","user_id":"2","role":"ketua_lab"}
{"time":"2025-12-05T10:35:08+07:00","event":"login_success","email":"admin@ivss.polinema.ac.id","user_id":"1","role":"admin"}
{"time":"2025-12-08T19:35:48+07:00","event":"login_success","email":"admin@ivss.polinema.ac.id","user_id":"1","role":"admin"}
{"time":"2025-12-08T21:00:40+07:00","event":"login_success","email":"admin@ivss.polinema.ac.id","user_id":"1","role":"admin"}
{"time":"2025-12-08T21:31:10+07:00","event":"login_failed_password","email":"ketualab@ivss.polinema.ac.id","user_id":"2"}
{"time":"2025-12-08T21:31:19+07:00","event":"login_success","email":"ketualab@ivss.polinema.ac.id","user_id":"2","role":"ketua_lab"}
{"time":"2025-12-08T22:00:14+07:00","event":"login_success","email":"budi.dosen@polinema.ac.id","user_id":"3","role":"dosen"}
